#
# A fatal error has been detected by the Java Runtime Environment:
#
#  EXCEPTION_ACCESS_VIOLATION (0xc0000005) at pc=0x000000005eb12314, pid=5440, tid=2340
#
# JRE version: Java(TM) SE Runtime Environment (8.0_05-b13) (build 1.8.0_05-b13)
# Java VM: Java HotSpot(TM) 64-Bit Server VM (25.5-b02 mixed mode windows-amd64 compressed oops)
# Problematic frame:
# V  [jvm.dll+0x452314]
#
# Failed to write core dump. Minidumps are not enabled by default on client versions of Windows
#
# If you would like to submit a bug report, please visit:
#   http://bugreport.sun.com/bugreport/crash.jsp
#

---------------  T H R E A D  ---------------

Current thread (0x00000000147cf800):  JavaThread "C2 CompilerThread1" daemon [_thread_in_native, id=2340, stack(0x0000000015e20000,0x0000000015f20000)]

siginfo: ExceptionCode=0xc0000005, reading address 0x0000000300000003

Registers:
RAX=0x0000000300000003, RBX=0x000000001623e080, RCX=0x0000000000000000, RDX=0x000000005ecdd8b8
RSP=0x0000000015f1be80, RBP=0x0000000016242df8, RSI=0x0000000000000000, RDI=0x0000000016a42bc0
R8 =0x000000000000006f, R9 =0xffffffffe7753940, R10=0x0000000000000000, R11=0x0000000000000246
R12=0x0000000000000000, R13=0x00000000147f7e10, R14=0x000000000000015d, R15=0x0000000015f1bfe0
RIP=0x000000005eb12314, EFLAGS=0x0000000000010206

Top of Stack: (sp=0x0000000015f1be80)
0x0000000015f1be80:   000000001623e080 0000000000000001
0x0000000015f1be90:   0000000017f9f370 0000000000000000
0x0000000015f1bea0:   0000000000000166 0000000000000000
0x0000000015f1beb0:   000000000000004f 000000005eb145a5
0x0000000015f1bec0:   0000000000000003 0000000000001a16
0x0000000015f1bed0:   0000000015f1bf80 00000000147f7e10
0x0000000015f1bee0:   000000000084195d 0000000000bb4d72
0x0000000015f1bef0:   0000000017f9c601 000000005eb13fda
0x0000000015f1bf00:   0000000000000000 0000000000000000
0x0000000015f1bf10:   0000000000000000 0000000015f1edb0
0x0000000015f1bf20:   0000000017447178 00000000163b1dc0
0x0000000015f1bf30:   00000000147f7e10 00000000163b1dc0
0x0000000015f1bf40:   0000000015f1c050 000000005eb14f2c
0x0000000015f1bf50:   0000000000000000 0000000015f1c020
0x0000000015f1bf60:   0000000015f1bf80 0000000015f1bfe0
0x0000000015f1bf70:   0000000015f1c000 0000000000000001 

Instructions: (pc=0x000000005eb12314)
0x000000005eb122f4:   48 75 11 0f b6 47 41 a8 02 0f 85 57 01 00 00 0c
0x000000005eb12304:   02 88 47 41 8b 17 33 c9 85 d2 7e 17 48 8b 47 18
0x000000005eb12314:   48 39 18 0f 84 2a 01 00 00 ff c1 48 83 c0 08 3b
0x000000005eb12324:   ca 7c ed 32 c0 84 c0 40 0f 94 c6 40 84 f6 0f 84 


Register to memory mapping:

RAX=0x0000000300000003 is an unknown value
RBX=0x000000001623e080 is an unknown value
RCX=0x0000000000000000 is an unknown value
RDX=0x000000005ecdd8b8 is an unknown value
RSP=0x0000000015f1be80 is pointing into the stack for thread: 0x00000000147cf800
RBP=0x0000000016242df8 is an unknown value
RSI=0x0000000000000000 is an unknown value
RDI=0x0000000016a42bc0 is an unknown value
R8 =0x000000000000006f is an unknown value
R9 =0xffffffffe7753940 is an unknown value
R10=0x0000000000000000 is an unknown value
R11=0x0000000000000246 is an unknown value
R12=0x0000000000000000 is an unknown value
R13=0x00000000147f7e10 is an unknown value
R14=0x000000000000015d is an unknown value
R15=0x0000000015f1bfe0 is pointing into the stack for thread: 0x00000000147cf800


Stack: [0x0000000015e20000,0x0000000015f20000],  sp=0x0000000015f1be80,  free space=1007k
Native frames: (J=compiled Java code, j=interpreted, Vv=VM code, C=native code)
V  [jvm.dll+0x452314]
V  [jvm.dll+0x4545a5]
V  [jvm.dll+0x454f2c]
V  [jvm.dll+0x455273]
V  [jvm.dll+0x4420c3]
V  [jvm.dll+0x44366b]
V  [jvm.dll+0x427532]
V  [jvm.dll+0x96702]
V  [jvm.dll+0x96ef3]
V  [jvm.dll+0x2232c4]
V  [jvm.dll+0x27baca]
C  [msvcr100.dll+0x21d9f]
C  [msvcr100.dll+0x21e3b]
C  [KERNEL32.DLL+0x18102]
C  [ntdll.dll+0x5c2e4]


Current CompileTask:
C2:   5482 1920   !   4       com.android.dx.cf.code.Ropper::processBlock (1101 bytes)


---------------  P R O C E S S  ---------------

Java Threads: ( => current thread )
  0x0000000016051800 JavaThread "Service Thread" daemon [_thread_blocked, id=400, stack(0x0000000016420000,0x0000000016520000)]
  0x00000000147d4800 JavaThread "C1 CompilerThread2" daemon [_thread_blocked, id=4256, stack(0x0000000015f20000,0x0000000016020000)]
=>0x00000000147cf800 JavaThread "C2 CompilerThread1" daemon [_thread_in_native, id=2340, stack(0x0000000015e20000,0x0000000015f20000)]
  0x00000000147cc800 JavaThread "C2 CompilerThread0" daemon [_thread_blocked, id=4040, stack(0x0000000015d20000,0x0000000015e20000)]
  0x00000000147cb000 JavaThread "Attach Listener" daemon [_thread_blocked, id=5320, stack(0x0000000015c20000,0x0000000015d20000)]
  0x00000000020f6000 JavaThread "Finalizer" daemon [_thread_blocked, id=1792, stack(0x0000000015a20000,0x0000000015b20000)]
  0x00000000020eb000 JavaThread "Reference Handler" daemon [_thread_blocked, id=5192, stack(0x0000000015920000,0x0000000015a20000)]

Other Threads:
  0x0000000014796000 VMThread [stack: 0x0000000015820000,0x0000000015920000] [id=4156]

VM state:at safepoint (normal execution)

VM Mutex/Monitor currently owned by a thread:  ([mutex/lock_event])
[0x000000000070c570] Threads_lock - owner thread: 0x0000000014796000
[0x000000000070bff0] Heap_lock - owner thread: 0x0000000002000800

Heap:
 PSYoungGen      total 117760K, used 77389K [0x00000000eab00000, 0x00000000f5000000, 0x0000000100000000)
  eden space 101376K, 62% used [0x00000000eab00000,0x00000000ee8bb4f8,0x00000000f0e00000)
  from space 16384K, 86% used [0x00000000f0e00000,0x00000000f1bd8000,0x00000000f1e00000)
  to   space 18432K, 0% used [0x00000000f3e00000,0x00000000f3e00000,0x00000000f5000000)
 ParOldGen       total 129536K, used 67852K [0x00000000c0000000, 0x00000000c7e80000, 0x00000000eab00000)
  object space 129536K, 52% used [0x00000000c0000000,0x00000000c4243150,0x00000000c7e80000)
 Metaspace       used 6849K, capacity 7512K, committed 7680K, reserved 1056768K
  class space    used 671K, capacity 720K, committed 768K, reserved 1048576K

Card table byte_map: [0x00000000114c0000,0x00000000116d0000] byte_map_base: 0x0000000010ec0000

Marking Bits: (ParMarkBitMap*) 0x000000005ee713b0
 Begin Bits: [0x0000000011c30000, 0x0000000012c30000)
 End Bits:   [0x0000000012c30000, 0x0000000013c30000)

Polling page: 0x00000000001f0000

CodeCache: size=245760Kb used=8702Kb max_used=8702Kb free=237057Kb
 bounds [0x0000000002100000, 0x0000000002990000, 0x0000000011100000]
 total_blobs=2640 nmethods=2369 adapters=184
 compilation: enabled

Compilation events (10 events):
Event: 1.719 Thread 0x00000000147d4800 2464   !   2       sun.misc.URLClassPath$JarLoader::getResource (85 bytes)
Event: 1.720 Thread 0x00000000147d4800 nmethod 2464 0x000000000297fcd0 code [0x000000000297fec0, 0x0000000002980528]
Event: 1.720 Thread 0x00000000147d4800 2465  s!   2       sun.misc.URLClassPath::getLoader (154 bytes)
Event: 1.720 Thread 0x00000000147d4800 nmethod 2465 0x0000000002980a10 code [0x0000000002980ce0, 0x00000000029823d8]
Event: 1.720 Thread 0x00000000147d4800 2466       2       java.util.zip.ZipEntry::getSize (5 bytes)
Event: 1.720 Thread 0x00000000147d4800 nmethod 2466 0x0000000002983790 code [0x00000000029838e0, 0x0000000002983a30]
Event: 1.720 Thread 0x00000000147d4800 2467       2       java.security.CodeSource::hashCode (17 bytes)
Event: 1.721 Thread 0x00000000147d4800 nmethod 2467 0x0000000002983a90 code [0x0000000002983c00, 0x0000000002983fa8]
Event: 1.721 Thread 0x00000000147d4800 2468  s    2       java.net.URL::hashCode (30 bytes)
Event: 1.721 Thread 0x00000000147d4800 nmethod 2468 0x00000000029840d0 code [0x0000000002984240, 0x00000000029845a8]

GC Heap History (10 events):
Event: 0.834 GC heap before
{Heap before GC invocations=21 (full 0):
 PSYoungGen      total 59904K, used 58560K [0x00000000eab00000, 0x00000000eef80000, 0x0000000100000000)
  eden space 52736K, 100% used [0x00000000eab00000,0x00000000ede80000,0x00000000ede80000)
  from space 7168K, 81% used [0x00000000ee680000,0x00000000eec30010,0x00000000eed80000)
  to   space 8192K, 0% used [0x00000000ede80000,0x00000000ede80000,0x00000000ee680000)
 ParOldGen       total 129536K, used 26228K [0x00000000c0000000, 0x00000000c7e80000, 0x00000000eab00000)
  object space 129536K, 20% used [0x00000000c0000000,0x00000000c199d208,0x00000000c7e80000)
 Metaspace       used 6051K, capacity 7000K, committed 7168K, reserved 1056768K
  class space    used 601K, capacity 656K, committed 768K, reserved 1048576K
Event: 0.846 GC heap after
Heap after GC invocations=21 (full 0):
 PSYoungGen      total 60928K, used 7800K [0x00000000eab00000, 0x00000000f0580000, 0x0000000100000000)
  eden space 52736K, 0% used [0x00000000eab00000,0x00000000eab00000,0x00000000ede80000)
  from space 8192K, 95% used [0x00000000ede80000,0x00000000ee61e358,0x00000000ee680000)
  to   space 9216K, 0% used [0x00000000efc80000,0x00000000efc80000,0x00000000f0580000)
 ParOldGen       total 129536K, used 31689K [0x00000000c0000000, 0x00000000c7e80000, 0x00000000eab00000)
  object space 129536K, 24% used [0x00000000c0000000,0x00000000c1ef27e0,0x00000000c7e80000)
 Metaspace       used 6051K, capacity 7000K, committed 7168K, reserved 1056768K
  class space    used 601K, capacity 656K, committed 768K, reserved 1048576K
}
Event: 0.924 GC heap before
{Heap before GC invocations=22 (full 0):
 PSYoungGen      total 60928K, used 60536K [0x00000000eab00000, 0x00000000f0580000, 0x0000000100000000)
  eden space 52736K, 100% used [0x00000000eab00000,0x00000000ede80000,0x00000000ede80000)
  from space 8192K, 95% used [0x00000000ede80000,0x00000000ee61e358,0x00000000ee680000)
  to   space 9216K, 0% used [0x00000000efc80000,0x00000000efc80000,0x00000000f0580000)
 ParOldGen       total 129536K, used 31689K [0x00000000c0000000, 0x00000000c7e80000, 0x00000000eab00000)
  object space 129536K, 24% used [0x00000000c0000000,0x00000000c1ef27e0,0x00000000c7e80000)
 Metaspace       used 6060K, capacity 7000K, committed 7168K, reserved 1056768K
  class space    used 601K, capacity 656K, committed 768K, reserved 1048576K
Event: 0.937 GC heap after
Heap after GC invocations=22 (full 0):
 PSYoungGen      total 81920K, used 8420K [0x00000000eab00000, 0x00000000f0880000, 0x0000000100000000)
  eden space 72704K, 0% used [0x00000000eab00000,0x00000000eab00000,0x00000000ef200000)
  from space 9216K, 91% used [0x00000000efc80000,0x00000000f04b9290,0x00000000f0580000)
  to   space 10752K, 0% used [0x00000000ef200000,0x00000000ef200000,0x00000000efc80000)
 ParOldGen       total 129536K, used 38901K [0x00000000c0000000, 0x00000000c7e80000, 0x00000000eab00000)
  object space 129536K, 30% used [0x00000000c0000000,0x00000000c25fd4f0,0x00000000c7e80000)
 Metaspace       used 6060K, capacity 7000K, committed 7168K, reserved 1056768K
  class space    used 601K, capacity 656K, committed 768K, reserved 1048576K
}
Event: 1.030 GC heap before
{Heap before GC invocations=23 (full 0):
 PSYoungGen      total 81920K, used 81124K [0x00000000eab00000, 0x00000000f0880000, 0x0000000100000000)
  eden space 72704K, 100% used [0x00000000eab00000,0x00000000ef200000,0x00000000ef200000)
  from space 9216K, 91% used [0x00000000efc80000,0x00000000f04b9290,0x00000000f0580000)
  to   space 10752K, 0% used [0x00000000ef200000,0x00000000ef200000,0x00000000efc80000)
 ParOldGen       total 129536K, used 38901K [0x00000000c0000000, 0x00000000c7e80000, 0x00000000eab00000)
  object space 129536K, 30% used [0x00000000c0000000,0x00000000c25fd4f0,0x00000000c7e80000)
 Metaspace       used 6064K, capacity 7000K, committed 7168K, reserved 1056768K
  class space    used 601K, capacity 656K, committed 768K, reserved 1048576K
Event: 1.046 GC heap after
Heap after GC invocations=23 (full 0):
 PSYoungGen      total 83456K, used 10737K [0x00000000eab00000, 0x00000000f2d80000, 0x0000000100000000)
  eden space 72704K, 0% used [0x00000000eab00000,0x00000000eab00000,0x00000000ef200000)
  from space 10752K, 99% used [0x00000000ef200000,0x00000000efc7c728,0x00000000efc80000)
  to   space 15872K, 0% used [0x00000000f1e00000,0x00000000f1e00000,0x00000000f2d80000)
 ParOldGen       total 129536K, used 47217K [0x00000000c0000000, 0x00000000c7e80000, 0x00000000eab00000)
  object space 129536K, 36% used [0x00000000c0000000,0x00000000c2e1c680,0x00000000c7e80000)
 Metaspace       used 6064K, capacity 7000K, committed 7168K, reserved 1056768K
  class space    used 601K, capacity 656K, committed 768K, reserved 1048576K
}
Event: 1.139 GC heap before
{Heap before GC invocations=24 (full 0):
 PSYoungGen      total 83456K, used 83441K [0x00000000eab00000, 0x00000000f2d80000, 0x0000000100000000)
  eden space 72704K, 100% used [0x00000000eab00000,0x00000000ef200000,0x00000000ef200000)
  from space 10752K, 99% used [0x00000000ef200000,0x00000000efc7c728,0x00000000efc80000)
  to   space 15872K, 0% used [0x00000000f1e00000,0x00000000f1e00000,0x00000000f2d80000)
 ParOldGen       total 129536K, used 47217K [0x00000000c0000000, 0x00000000c7e80000, 0x00000000eab00000)
  object space 129536K, 36% used [0x00000000c0000000,0x00000000c2e1c680,0x00000000c7e80000)
 Metaspace       used 6064K, capacity 7000K, committed 7168K, reserved 1056768K
  class space    used 601K, capacity 656K, committed 768K, reserved 1048576K
Event: 1.158 GC heap after
Heap after GC invocations=24 (full 0):
 PSYoungGen      total 117248K, used 10400K [0x00000000eab00000, 0x00000000f2e80000, 0x0000000100000000)
  eden space 101376K, 0% used [0x00000000eab00000,0x00000000eab00000,0x00000000f0e00000)
  from space 15872K, 65% used [0x00000000f1e00000,0x00000000f2828000,0x00000000f2d80000)
  to   space 16384K, 0% used [0x00000000f0e00000,0x00000000f0e00000,0x00000000f1e00000)
 ParOldGen       total 129536K, used 57750K [0x00000000c0000000, 0x00000000c7e80000, 0x00000000eab00000)
  object space 129536K, 44% used [0x00000000c0000000,0x00000000c3865a48,0x00000000c7e80000)
 Metaspace       used 6064K, capacity 7000K, committed 7168K, reserved 1056768K
  class space    used 601K, capacity 656K, committed 768K, reserved 1048576K
}
Event: 1.291 GC heap before
{Heap before GC invocations=25 (full 0):
 PSYoungGen      total 117248K, used 111776K [0x00000000eab00000, 0x00000000f2e80000, 0x0000000100000000)
  eden space 101376K, 100% used [0x00000000eab00000,0x00000000f0e00000,0x00000000f0e00000)
  from space 15872K, 65% used [0x00000000f1e00000,0x00000000f2828000,0x00000000f2d80000)
  to   space 16384K, 0% used [0x00000000f0e00000,0x00000000f0e00000,0x00000000f1e00000)
 ParOldGen       total 129536K, used 57750K [0x00000000c0000000, 0x00000000c7e80000, 0x00000000eab00000)
  object space 129536K, 44% used [0x00000000c0000000,0x00000000c3865a48,0x00000000c7e80000)
 Metaspace       used 6065K, capacity 7000K, committed 7168K, reserved 1056768K
  class space    used 601K, capacity 656K, committed 768K, reserved 1048576K
Event: 1.315 GC heap after
Heap after GC invocations=25 (full 0):
 PSYoungGen      total 117760K, used 14176K [0x00000000eab00000, 0x00000000f5000000, 0x0000000100000000)
  eden space 101376K, 0% used [0x00000000eab00000,0x00000000eab00000,0x00000000f0e00000)
  from space 16384K, 86% used [0x00000000f0e00000,0x00000000f1bd8000,0x00000000f1e00000)
  to   space 18432K, 0% used [0x00000000f3e00000,0x00000000f3e00000,0x00000000f5000000)
 ParOldGen       total 129536K, used 67852K [0x00000000c0000000, 0x00000000c7e80000, 0x00000000eab00000)
  object space 129536K, 52% used [0x00000000c0000000,0x00000000c4243150,0x00000000c7e80000)
 Metaspace       used 6065K, capacity 7000K, committed 7168K, reserved 1056768K
  class space    used 601K, capacity 656K, committed 768K, reserved 1048576K
}

Deoptimization events (10 events):
Event: 1.375 Thread 0x0000000002000800 Uncommon trap: reason=class_check action=maybe_recompile pc=0x00000000025ccc60 method=java.util.Arrays.hashCode([Ljava/lang/Object;)I @ 43
Event: 1.375 Thread 0x0000000002000800 Uncommon trap: reason=class_check action=maybe_recompile pc=0x00000000025ccc60 method=java.util.Arrays.hashCode([Ljava/lang/Object;)I @ 43
Event: 1.375 Thread 0x0000000002000800 Uncommon trap: reason=class_check action=maybe_recompile pc=0x00000000025ccc60 method=java.util.Arrays.hashCode([Ljava/lang/Object;)I @ 43
Event: 1.375 Thread 0x0000000002000800 Uncommon trap: reason=class_check action=maybe_recompile pc=0x00000000025ccc60 method=java.util.Arrays.hashCode([Ljava/lang/Object;)I @ 43
Event: 1.375 Thread 0x0000000002000800 Uncommon trap: reason=class_check action=maybe_recompile pc=0x00000000025cd240 method=java.util.Arrays.hashCode([Ljava/lang/Object;)I @ 43
Event: 1.482 Thread 0x0000000002000800 Uncommon trap: reason=class_check action=maybe_recompile pc=0x000000000251ca28 method=com.android.dx.util.FixedSizeList.equals(Ljava/lang/Object;)Z @ 25
Event: 1.482 Thread 0x0000000002000800 Uncommon trap: reason=class_check action=maybe_recompile pc=0x000000000251ca28 method=com.android.dx.util.FixedSizeList.equals(Ljava/lang/Object;)Z @ 25
Event: 1.482 Thread 0x0000000002000800 Uncommon trap: reason=class_check action=maybe_recompile pc=0x000000000251ca28 method=com.android.dx.util.FixedSizeList.equals(Ljava/lang/Object;)Z @ 25
Event: 1.482 Thread 0x0000000002000800 Uncommon trap: reason=class_check action=maybe_recompile pc=0x000000000251ca28 method=com.android.dx.util.FixedSizeList.equals(Ljava/lang/Object;)Z @ 25
Event: 1.701 Thread 0x0000000002000800 Uncommon trap: reason=unreached action=reinterpret pc=0x00000000024e7a60 method=java.util.Arrays.copyOf([Ljava/lang/Object;ILjava/lang/Class;)[Ljava/lang/Object; @ 3

Internal exceptions (10 events):
Event: 1.719 Thread 0x0000000002000800 Exception <a 'java/security/PrivilegedActionException'> (0x00000000ee64b280) thrown at [D:\re\workspace\8-2-build-windows-amd64-cygwin\jdk8u5\2488\hotspot\src\share\vm\prims\jvm.cpp, line 1248]
Event: 1.719 Thread 0x0000000002000800 Exception <a 'java/security/PrivilegedActionException'> (0x00000000ee64fd30) thrown at [D:\re\workspace\8-2-build-windows-amd64-cygwin\jdk8u5\2488\hotspot\src\share\vm\prims\jvm.cpp, line 1248]
Event: 1.719 Thread 0x0000000002000800 Exception <a 'java/security/PrivilegedActionException'> (0x00000000ee651bf8) thrown at [D:\re\workspace\8-2-build-windows-amd64-cygwin\jdk8u5\2488\hotspot\src\share\vm\prims\jvm.cpp, line 1248]
Event: 1.719 Thread 0x0000000002000800 Exception <a 'java/security/PrivilegedActionException'> (0x00000000ee653f40) thrown at [D:\re\workspace\8-2-build-windows-amd64-cygwin\jdk8u5\2488\hotspot\src\share\vm\prims\jvm.cpp, line 1248]
Event: 1.720 Thread 0x0000000002000800 Exception <a 'java/security/PrivilegedActionException'> (0x00000000ee655e08) thrown at [D:\re\workspace\8-2-build-windows-amd64-cygwin\jdk8u5\2488\hotspot\src\share\vm\prims\jvm.cpp, line 1248]
Event: 1.720 Thread 0x0000000002000800 Exception <a 'java/security/PrivilegedActionException'> (0x00000000ee6593a8) thrown at [D:\re\workspace\8-2-build-windows-amd64-cygwin\jdk8u5\2488\hotspot\src\share\vm\prims\jvm.cpp, line 1248]
Event: 1.720 Thread 0x0000000002000800 Exception <a 'java/security/PrivilegedActionException'> (0x00000000ee74d440) thrown at [D:\re\workspace\8-2-build-windows-amd64-cygwin\jdk8u5\2488\hotspot\src\share\vm\prims\jvm.cpp, line 1248]
Event: 1.720 Thread 0x0000000002000800 Exception <a 'java/security/PrivilegedActionException'> (0x00000000ee7507d8) thrown at [D:\re\workspace\8-2-build-windows-amd64-cygwin\jdk8u5\2488\hotspot\src\share\vm\prims\jvm.cpp, line 1248]
Event: 1.720 Thread 0x0000000002000800 Exception <a 'java/security/PrivilegedActionException'> (0x00000000ee753b40) thrown at [D:\re\workspace\8-2-build-windows-amd64-cygwin\jdk8u5\2488\hotspot\src\share\vm\prims\jvm.cpp, line 1248]
Event: 1.720 Thread 0x0000000002000800 Exception <a 'java/security/PrivilegedActionException'> (0x00000000ee756ef0) thrown at [D:\re\workspace\8-2-build-windows-amd64-cygwin\jdk8u5\2488\hotspot\src\share\vm\prims\jvm.cpp, line 1248]

Events (10 events):
Event: 1.721 loading class java/io/FileOutputStream$1
Event: 1.721 loading class java/io/FileOutputStream$1 done
Event: 1.722 Thread 0x0000000002000800 Thread exited: 0x0000000002000800
Event: 1.722 Thread 0x0000000002000800 Thread added: 0x0000000002000800
Event: 1.722 loading class java/lang/Shutdown
Event: 1.722 loading class java/lang/Shutdown done
Event: 1.722 loading class java/lang/Shutdown$Lock
Event: 1.722 loading class java/lang/Shutdown$Lock done
Event: 1.722 Thread 0x00000000147ca000 Thread exited: 0x00000000147ca000
Event: 1.722 Thread 0x0000000002000800 Thread exited: 0x0000000002000800


Dynamic libraries:
0x00007ff6a0ce0000 - 0x00007ff6a0d14000 	C:\Program Files\Java\jdk1.8.0_05\bin\java.exe
0x00007ff9d3f30000 - 0x00007ff9d40f1000 	C:\WINDOWS\SYSTEM32\ntdll.dll
0x00007ff9d3360000 - 0x00007ff9d340d000 	C:\WINDOWS\system32\KERNEL32.DLL
0x00007ff9d0740000 - 0x00007ff9d0928000 	C:\WINDOWS\system32\KERNELBASE.dll
0x00007ff9d2e10000 - 0x00007ff9d2eb7000 	C:\WINDOWS\system32\ADVAPI32.dll
0x00007ff9d2c10000 - 0x00007ff9d2cad000 	C:\WINDOWS\system32\msvcrt.dll
0x00007ff9d1490000 - 0x00007ff9d14eb000 	C:\WINDOWS\system32\sechost.dll
0x00007ff9d3410000 - 0x00007ff9d352c000 	C:\WINDOWS\system32\RPCRT4.dll
0x00007ff9d2ec0000 - 0x00007ff9d3016000 	C:\WINDOWS\system32\USER32.dll
0x00007ff9d3860000 - 0x00007ff9d39e6000 	C:\WINDOWS\system32\GDI32.dll
0x00007ff9cc810000 - 0x00007ff9cca84000 	C:\WINDOWS\WinSxS\amd64_microsoft.windows.common-controls_6595b64144ccf1df_6.0.10586.0_none_8c15ae12515e1c22\COMCTL32.dll
0x00007ff9d3540000 - 0x00007ff9d37bd000 	C:\WINDOWS\system32\combase.dll
0x00007ff9d0930000 - 0x00007ff9d099a000 	C:\WINDOWS\system32\bcryptPrimitives.dll
0x00007ff9d3820000 - 0x00007ff9d385b000 	C:\WINDOWS\system32\IMM32.DLL
0x000000005e160000 - 0x000000005e232000 	C:\Program Files\Java\jdk1.8.0_05\jre\bin\msvcr100.dll
0x000000005e6c0000 - 0x000000005eeea000 	C:\Program Files\Java\jdk1.8.0_05\jre\bin\server\jvm.dll
0x00007ff9d2ba0000 - 0x00007ff9d2ba8000 	C:\WINDOWS\system32\PSAPI.DLL
0x00007ff9ce710000 - 0x00007ff9ce719000 	C:\WINDOWS\SYSTEM32\WSOCK32.dll
0x00007ff9d32f0000 - 0x00007ff9d335b000 	C:\WINDOWS\system32\WS2_32.dll
0x00007ff9cec80000 - 0x00007ff9ceca3000 	C:\WINDOWS\SYSTEM32\WINMM.dll
0x00007ff9cec20000 - 0x00007ff9cec4c000 	C:\WINDOWS\SYSTEM32\WINMMBASE.dll
0x00007ff9d09a0000 - 0x00007ff9d09e3000 	C:\WINDOWS\system32\cfgmgr32.dll
0x000000005e5d0000 - 0x000000005e5df000 	C:\Program Files\Java\jdk1.8.0_05\jre\bin\verify.dll
0x000000005e5a0000 - 0x000000005e5c8000 	C:\Program Files\Java\jdk1.8.0_05\jre\bin\java.dll
0x000000005e580000 - 0x000000005e596000 	C:\Program Files\Java\jdk1.8.0_05\jre\bin\zip.dll
0x00007ff9d1640000 - 0x00007ff9d2b9f000 	C:\WINDOWS\system32\SHELL32.dll
0x00007ff9d0b10000 - 0x00007ff9d1154000 	C:\WINDOWS\system32\windows.storage.dll
0x00007ff9d3aa0000 - 0x00007ff9d3af2000 	C:\WINDOWS\system32\shlwapi.dll
0x00007ff9d0550000 - 0x00007ff9d055f000 	C:\WINDOWS\system32\kernel.appcore.dll
0x00007ff9d0a50000 - 0x00007ff9d0b05000 	C:\WINDOWS\system32\shcore.dll
0x00007ff9d0560000 - 0x00007ff9d05ab000 	C:\WINDOWS\system32\powrprof.dll
0x00007ff9d05b0000 - 0x00007ff9d05c4000 	C:\WINDOWS\system32\profapi.dll
0x00007ff9c2930000 - 0x00007ff9c2abc000 	C:\WINDOWS\SYSTEM32\dbghelp.dll

VM Arguments:
jvm_args: -Djava.awt.headless=true -Xmx1024M -Dfile.encoding=windows-1250 -Duser.country=PL -Duser.language=pl -Duser.variant 
java_command: com.android.dx.command.Main --dex --num-threads=4 --output C:\Users\Monki\AndroidStudioProjects\GTinfo\app\build\intermediates\transforms\dex\debug\folders\1000\1f\main C:\Users\Monki\AndroidStudioProjects\GTinfo\app\build\intermediates\transforms\proguard\debug\jars\3\1f\main.jar
java_class_path (initial): C:\Users\Monki\Android\android-sdk\build-tools\23.0.2\lib\dx.jar
Launcher Type: SUN_STANDARD

Environment Variables:
JAVA_HOME=C:\Program Files\Java\jdk1.8.0_05
PATH=C:\ProgramData\Oracle\Java\javapath;C:\Program Files (x86)\Intel\iCLS Client\;C:\Program Files\Intel\iCLS Client\;C:\Windows\system32;C:\Windows;C:\Windows\System32\Wbem;C:\Windows\System32\WindowsPowerShell\v1.0\;C:\Program Files\Intel\Intel(R) Management Engine Components\DAL;C:\Program Files\Intel\Intel(R) Management Engine Components\IPT;C:\Program Files (x86)\Intel\Intel(R) Management Engine Components\DAL;C:\Program Files (x86)\Intel\Intel(R) Management Engine Components\IPT;C:\Program Files\Java\jdk1.8.0_05\bin;C:\Program Files (x86)\Windows Live\Shared;C:\Program Files\Google\Cloud SDK\google-cloud-sdk\bin;C:\Program Files (x86)\NVIDIA Corporation\PhysX\Common;C:\Program Files (x86)\Skype\Phone\;C:\WINDOWS\system32;C:\WINDOWS;C:\WINDOWS\System32\Wbem;C:\WINDOWS\System32\WindowsPowerShell\v1.0\;C:\Program Files\Git\cmd;c:\Users\Monki\Android\android-sdk\platform-tools\
USERNAME=Monki
OS=Windows_NT
PROCESSOR_IDENTIFIER=Intel64 Family 6 Model 60 Stepping 3, GenuineIntel



---------------  S Y S T E M  ---------------

OS: Windows 8.1 , 64 bit Build 9600 

CPU:total 4 (4 cores per cpu, 1 threads per core) family 6 model 60 stepping 3, cmov, cx8, fxsr, mmx, sse, sse2, sse3, ssse3, sse4.1, sse4.2, popcnt, avx, avx2, aes, clmul, erms, tsc, tscinvbit

Memory: 4k page, physical 8324816k(3083888k free), swap 10290896k(4004476k free)

vm_info: Java HotSpot(TM) 64-Bit Server VM (25.5-b02) for windows-amd64 JRE (1.8.0_05-b13), built on Mar 18 2014 01:08:39 by "java_re" with MS VC++ 10.0 (VS2010)

time: Fri Dec 25 21:06:10 2015
elapsed time: 5 seconds

