JvmtiExport can_access_local_variables 0
JvmtiExport can_hotswap_or_post_breakpoint 0
JvmtiExport can_post_on_exceptions 0
# 518 ciObject found
ciMethod java/lang/Object <init> ()V 4097 1 3066085 0 0
ciMethod java/lang/Object equals (Ljava/lang/Object;)Z 4097 1 10630 0 -1
ciMethod java/lang/String length ()I 3121 1 135452 0 -1
ciMethod java/lang/String charAt (I)C 4097 1 98666 0 128
ciMethod java/lang/String getChars (II[CI)V 2697 1 10482 0 -1
ciMethod java/lang/String equals (Ljava/lang/Object;)Z 2097 10833 6237 0 -1
ciMethod java/lang/String substring (I)Ljava/lang/String; 1817 1 27885 0 -1
ciMethod java/lang/System arraycopy (Ljava/lang/Object;ILjava/lang/Object;II)V 5121 1 640 0 -1
ciMethod java/lang/RuntimeException <init> (Ljava/lang/String;)V 0 0 3 0 -1
ciMethod java/util/Map get (Ljava/lang/Object;)Ljava/lang/Object; 0 0 1 0 -1
ciMethod java/util/Map put (Ljava/lang/Object;Ljava/lang/Object;)Ljava/lang/Object; 0 0 1 0 -1
ciMethod java/lang/AbstractStringBuilder ensureCapacityInternal (I)V 2409 1 109436 0 -1
ciMethod java/lang/AbstractStringBuilder expandCapacity (I)V 649 1 62490 0 -1
ciMethod java/lang/AbstractStringBuilder append (Ljava/lang/String;)Ljava/lang/AbstractStringBuilder; 1225 1 106380 0 -1
ciMethod java/lang/AbstractStringBuilder appendNull ()Ljava/lang/AbstractStringBuilder; 0 0 1 0 -1
ciMethod java/lang/StringBuilder <init> ()V 585 1 29251 0 -1
ciMethod java/lang/StringBuilder append (Ljava/lang/String;)Ljava/lang/StringBuilder; 1129 1 85711 0 -1
ciMethod java/lang/StringBuilder append (C)Ljava/lang/StringBuilder; 4097 1 2018 0 -1
ciMethod java/lang/StringBuilder toString ()Ljava/lang/String; 609 1 29282 0 -1
ciMethod java/lang/NullPointerException <init> (Ljava/lang/String;)V 0 0 1 0 -1
ciMethod java/lang/Math max (II)I 217 1 301392 0 -1
ciMethod java/util/ArrayList ensureCapacityInternal (I)V 641 1 1004153 0 576
ciMethod java/util/ArrayList ensureExplicitCapacity (I)V 641 1 972881 0 544
ciMethod java/util/ArrayList grow (I)V 89 1 9574 0 544
ciMethod java/util/ArrayList hugeCapacity (I)I 0 0 1 0 -1
ciMethod java/util/ArrayList size ()I 1209 1 151 0 0
ciMethod java/util/ArrayList elementData (I)Ljava/lang/Object; 2185 1 2974398 0 0
ciMethod java/util/ArrayList get (I)Ljava/lang/Object; 2177 1 2907285 0 128
ciMethod java/util/ArrayList set (ILjava/lang/Object;)Ljava/lang/Object; 29601 1 1975 0 0
ciMethod java/util/ArrayList add (Ljava/lang/Object;)Z 641 1 964796 0 736
ciMethod java/util/ArrayList remove (I)Ljava/lang/Object; 4097 1 11973 0 -1
ciMethod java/util/ArrayList clear ()V 3241 8193 40682 0 0
ciMethod java/util/ArrayList rangeCheck (I)V 2177 1 2964120 0 64
ciMethod java/util/ArrayList iterator ()Ljava/util/Iterator; 4097 1 503139 0 192
ciMethod java/util/ArrayList access$100 (Ljava/util/ArrayList;)I 1025 1 128 0 0
ciMethod java/util/HashMap <init> ()V 129 1 215505 0 -1
ciMethod java/util/Arrays copyOf ([Ljava/lang/Object;I)[Ljava/lang/Object; 4097 1 23618 0 -1
ciMethod java/util/Iterator hasNext ()Z 0 0 1 0 -1
ciMethod java/util/Iterator next ()Ljava/lang/Object; 0 0 1 0 -1
ciMethodData java/lang/Object <init> ()V 2 3066207 orig 144 152 11 198 94 0 0 0 0 136 4 227 19 0 0 0 0 168 0 0 0 0 0 0 0 0 0 0 0 0 0 0 0 0 0 0 0 0 0 0 0 0 0 0 0 0 0 0 0 0 0 0 0 0 0 0 0 0 0 0 0 0 0 0 0 1 0 0 0 0 0 0 0 1 0 0 0 0 0 0 0 1 0 0 0 0 0 0 0 0 0 0 0 0 0 0 0 0 2 0 0 249 58 118 1 1 0 0 0 0 0 0 0 0 0 0 0 0 0 3 0 3 0 0 0 0 0 0 0 255 255 255 255 0 0 0 0 0 0 0 0 0 0 0 0 data 0 oops 0
ciMethod java/lang/IllegalArgumentException <init> (Ljava/lang/String;)V 0 0 1 0 -1
ciMethodData java/lang/String charAt (I)C 2 98749 orig 144 152 11 198 94 0 0 0 0 56 61 227 19 0 0 0 0 0 1 0 0 32 0 0 0 0 0 0 0 0 0 0 0 0 0 0 0 0 0 0 0 0 0 0 0 0 0 0 0 0 0 0 0 0 0 0 0 0 0 0 0 0 0 0 0 25 0 0 0 0 0 0 0 0 0 0 0 0 0 0 0 1 0 0 0 0 0 0 0 0 0 0 0 0 0 0 0 0 2 0 0 233 253 11 0 1 0 0 0 0 0 0 0 0 0 0 0 0 0 8 0 4 0 1 0 80 0 0 0 255 255 255 255 0 0 0 0 7 0 1 0 0 0 0 0 data 10 0x10007 0x0 0x40 0x17fbd 0xa0007 0x17fbe 0x30 0x0 0x120002 0x0 oops 0
ciMethodData java/lang/String length ()I 2 135452 orig 144 152 11 198 94 0 0 0 0 232 59 227 19 0 0 0 0 168 0 0 0 0 0 0 0 0 0 0 0 0 0 0 0 0 0 0 0 0 0 0 0 0 0 0 0 0 0 0 0 0 0 0 0 0 0 0 0 0 0 0 0 0 0 0 0 1 0 0 0 0 0 0 0 0 0 0 0 0 0 0 0 1 0 0 0 0 0 0 0 0 0 0 0 0 0 0 0 134 1 0 0 177 124 16 0 1 0 0 0 0 0 0 0 0 0 0 0 0 0 3 0 3 0 0 0 0 0 0 0 255 255 255 255 0 0 0 0 0 0 0 0 0 0 0 0 data 0 oops 0
ciMethodData java/lang/AbstractStringBuilder ensureCapacityInternal (I)V 2 109436 orig 144 152 11 198 94 0 0 0 0 104 6 234 19 0 0 0 0 0 1 0 0 0 0 0 0 0 0 0 0 0 0 0 0 0 0 0 0 0 0 0 0 0 0 0 0 0 0 0 0 0 0 0 0 0 0 0 0 0 0 0 0 0 0 0 0 0 0 0 0 0 0 0 0 0 0 0 0 0 0 0 0 0 0 0 0 0 0 0 0 0 0 0 0 0 0 0 0 45 1 0 0 121 82 13 0 1 0 0 0 0 0 0 0 0 0 0 0 0 0 6 0 3 0 1 0 80 0 0 0 255 255 255 255 0 0 0 0 7 0 7 0 0 0 0 0 data 10 0x70007 0xb859 0x50 0xf248 0xc0005 0x0 0x147bd490 0xf248 0x0 0x0 oops 1